
> @vyleralabs/vylera-ai@0.1.0 dev
> next dev

▲ Next.js 16.1.1 (Turbopack)
- Local:         http://localhost:3000
- Network:       http://192.168.0.2:3000

✓ Starting...
Attention: Next.js now collects completely anonymous telemetry regarding usage.
This information is used to shape Next.js' roadmap and prioritize features.
You can learn more, including how to opt-out if you'd not like to participate in this anonymous program, by visiting the following URL:
https://nextjs.org/telemetry

✓ Ready in 1248ms
○ Compiling / ...
 GET / 200 in 13.9s (compile: 12.4s, render: 1506ms)
 POST / 200 in 273ms (compile: 68ms, render: 206ms)
 GET / 200 in 236ms (compile: 28ms, render: 208ms)
 POST / 200 in 76ms (compile: 25ms, render: 51ms)
 GET / 200 in 106ms (compile: 42ms, render: 65ms)
 GET / 200 in 219ms (compile: 26ms, render: 193ms)
 POST / 200 in 76ms (compile: 21ms, render: 55ms)
 GET / 200 in 66ms (compile: 34ms, render: 32ms)
